#
# A fatal error has been detected by the Java Runtime Environment:
#
#  EXCEPTION_ACCESS_VIOLATION (0xc0000005) at pc=0x000000005a5af21b, pid=15976, tid=0x000000000000400c
#
# JRE version: Java(TM) SE Runtime Environment (8.0_241-b07) (build 1.8.0_241-b07)
# Java VM: Java HotSpot(TM) 64-Bit Server VM (25.241-b07 mixed mode windows-amd64 compressed oops)
# Problematic frame:
# V  [jvm.dll+0x51f21b]
#
# Failed to write core dump. Minidumps are not enabled by default on client versions of Windows
#
# If you would like to submit a bug report, please visit:
#   http://bugreport.java.com/bugreport/crash.jsp
#

---------------  T H R E A D  ---------------

Current thread (0x0000000019a1b800):  JavaThread "C2 CompilerThread2" daemon [_thread_in_native, id=16396, stack(0x000000001b250000,0x000000001b350000)]

siginfo: ExceptionCode=0xc0000005, reading address 0x0000000192568370

Registers:
RAX=0x0000000028f9e8b0, RBX=0x0000000000000006, RCX=0x000000005a72e8d8, RDX=0x000000005a5726b0
RSP=0x000000001b34c0f0, RBP=0x000000001b34c1f0, RSI=0x0000000000000007, RDI=0x0000000027692640
R8 =0x0000000000000004, R9 =0x0000000000000000, R10=0x0000000000000020, R11=0x0000000000000000
R12=0x000000005a880398, R13=0x0000000000000004, R14=0x000000001b34c7e0, R15=0x0000000020060298
RIP=0x000000005a5af21b, EFLAGS=0x0000000000010283

Top of Stack: (sp=0x000000001b34c0f0)
0x000000001b34c0f0:   0000000000000006 000000001b34c1f0
0x000000001b34c100:   0000000000000001 000000001b34c1f0
0x000000001b34c110:   000000001b34c478 000000001b34c370
0x000000001b34c120:   0000000000000006 000000002451b550
0x000000001b34c130:   000000001c4dec00 0000000000000001
0x000000001b34c140:   0000000000000007 0000000027692640
0x000000001b34c150:   0000000000008004 0000000000000004
0x000000001b34c160:   0000000000000000 0000000400000065
0x000000001b34c170:   000007a500000000 000000001b34c4c0
0x000000001b34c180:   000000000000000f 00000000245196b0
0x000000001b34c190:   0000000000008004 000007a500000065
0x000000001b34c1a0:   000000001b34c4c0 000000000000000f
0x000000001b34c1b0:   0000000024517810 0000000000000006
0x000000001b34c1c0:   0000000024c7f000 0000000024bbff70
0x000000001b34c1d0:   0000000000000006 00000000000003d8
0x000000001b34c1e0:   0000000024bc0348 0000000024bbff60 

Instructions: (pc=0x000000005a5af21b)
0x000000005a5af1fb:   41 8b c5 2b c1 a8 01 0f 84 74 03 00 00 49 8b 47
0x000000005a5af20b:   08 4a 8b 0c c0 49 8b 86 28 01 00 00 48 63 51 28
0x000000005a5af21b:   8b 0c 90 41 3b 8e e8 00 00 00 0f 83 4d 03 00 00
0x000000005a5af22b:   49 8b 46 70 8b d9 8b d1 48 8b 48 20 48 6b db 70 


Register to memory mapping:

RAX=0x0000000028f9e8b0 is an unknown value
RBX=0x0000000000000006 is an unknown value
RCX=0x000000005a72e8d8 is an unknown value
RDX=0x000000005a5726b0 is an unknown value
RSP=0x000000001b34c0f0 is pointing into the stack for thread: 0x0000000019a1b800
RBP=0x000000001b34c1f0 is pointing into the stack for thread: 0x0000000019a1b800
RSI=0x0000000000000007 is an unknown value
RDI=0x0000000027692640 is an unknown value
R8 =0x0000000000000004 is an unknown value
R9 =0x0000000000000000 is an unknown value
R10=0x0000000000000020 is an unknown value
R11=0x0000000000000000 is an unknown value
R12=0x000000005a880398 is an unknown value
R13=0x0000000000000004 is an unknown value
R14=0x000000001b34c7e0 is pointing into the stack for thread: 0x0000000019a1b800
R15=0x0000000020060298 is an unknown value


Stack: [0x000000001b250000,0x000000001b350000],  sp=0x000000001b34c0f0,  free space=1008k
Native frames: (J=compiled Java code, j=interpreted, Vv=VM code, C=native code)
V  [jvm.dll+0x51f21b]
V  [jvm.dll+0x471166]
V  [jvm.dll+0x47c79b]
V  [jvm.dll+0x47f0a7]
V  [jvm.dll+0x4618a2]
V  [jvm.dll+0xa6a62]
V  [jvm.dll+0xa73af]
V  [jvm.dll+0x2467ef]
V  [jvm.dll+0x29fd2a]
C  [msvcr100.dll+0x21d9f]
C  [msvcr100.dll+0x21e3b]
C  [KERNEL32.DLL+0x17bd4]
C  [ntdll.dll+0x6ced1]


Current CompileTask:
C2:  64774 19199       4       com.sun.tools.javac.jvm.Code::emitStackMapFrame (451 bytes)


---------------  P R O C E S S  ---------------

Java Threads: ( => current thread )
  0x0000000021467800 JavaThread "WorkerExecutor Queue Thread 32" [_thread_blocked, id=20460, stack(0x000000002db80000,0x000000002dc80000)]
  0x0000000021465800 JavaThread "WorkerExecutor Queue Thread 31" [_thread_blocked, id=6432, stack(0x000000002da80000,0x000000002db80000)]
  0x0000000021459800 JavaThread "WorkerExecutor Queue Thread 30" [_thread_blocked, id=19344, stack(0x000000002bab0000,0x000000002bbb0000)]
  0x000000002145e800 JavaThread "WorkerExecutor Queue Thread 29" [_thread_blocked, id=13640, stack(0x000000002b7b0000,0x000000002b8b0000)]
  0x0000000021460000 JavaThread "WorkerExecutor Queue Thread 28" [_thread_blocked, id=16300, stack(0x000000002b5b0000,0x000000002b6b0000)]
  0x000000002145e000 JavaThread "WorkerExecutor Queue Thread 27" [_thread_blocked, id=11940, stack(0x000000002b4b0000,0x000000002b5b0000)]
  0x0000000021464000 JavaThread "WorkerExecutor Queue Thread 24" [_thread_blocked, id=8232, stack(0x000000002b9b0000,0x000000002bab0000)]
  0x0000000021464800 JavaThread "WorkerExecutor Queue Thread 23" [_thread_blocked, id=4296, stack(0x000000002b8b0000,0x000000002b9b0000)]
  0x0000000021462800 JavaThread "WorkerExecutor Queue Thread 22" [_thread_blocked, id=16204, stack(0x0000000001340000,0x0000000001440000)]
  0x000000002145b800 JavaThread "WorkerExecutor Queue Thread 19" [_thread_blocked, id=1956, stack(0x000000002c1b0000,0x000000002c2b0000)]
  0x000000002145b000 JavaThread "WorkerExecutor Queue Thread 16" [_thread_blocked, id=14988, stack(0x000000002beb0000,0x000000002bfb0000)]
  0x000000002145a000 JavaThread "WorkerExecutor Queue Thread 14" [_thread_blocked, id=4136, stack(0x000000002b6b0000,0x000000002b7b0000)]
  0x000000002145d000 JavaThread "Cache worker for Java compile cache (F:\1.react_native_workspace\6.shop_system\devel\app\shopping_app\android\.gradle\6.0.1\javaCompile)" [_thread_in_native, id=16096, stack(0x000000002c3b0000,0x000000002c4b0000)]
  0x000000002145c800 JavaThread "Cache worker for Java compile cache (C:\Users\admin\.gradle\caches\6.0.1\javaCompile)" [_thread_blocked, id=19160, stack(0x000000002c2b0000,0x000000002c3b0000)]
  0x000000002431c000 JavaThread "WorkerExecutor Queue Thread 8" [_thread_blocked, id=19504, stack(0x000000002bbb0000,0x000000002bcb0000)]
  0x0000000024310000 JavaThread "Cache worker for execution history cache (F:\1.react_native_workspace\6.shop_system\devel\app\shopping_app\android\.gradle\6.0.1\executionHistory)" [_thread_blocked, id=4980, stack(0x000000002b1b0000,0x000000002b2b0000)]
  0x0000000024316800 JavaThread "Execution worker for ':' Thread 11" [_thread_blocked, id=6496, stack(0x000000002b0b0000,0x000000002b1b0000)]
  0x000000002430f000 JavaThread "Execution worker for ':' Thread 10" [_thread_blocked, id=15268, stack(0x000000002afb0000,0x000000002b0b0000)]
  0x0000000024316000 JavaThread "Execution worker for ':' Thread 9" [_thread_blocked, id=14256, stack(0x000000002aeb0000,0x000000002afb0000)]
  0x0000000024312000 JavaThread "Execution worker for ':' Thread 8" [_thread_blocked, id=16972, stack(0x000000002adb0000,0x000000002aeb0000)]
  0x0000000024314800 JavaThread "Execution worker for ':' Thread 7" [_thread_blocked, id=19644, stack(0x000000002acb0000,0x000000002adb0000)]
  0x0000000024313000 JavaThread "Execution worker for ':' Thread 6" [_thread_blocked, id=720, stack(0x000000002abb0000,0x000000002acb0000)]
  0x000000001d331800 JavaThread "Execution worker for ':' Thread 5" [_thread_blocked, id=15428, stack(0x000000002aab0000,0x000000002abb0000)]
  0x000000001f837800 JavaThread "Execution worker for ':' Thread 4" [_thread_blocked, id=15776, stack(0x000000002a9b0000,0x000000002aab0000)]
  0x000000001f836800 JavaThread "Execution worker for ':' Thread 3" [_thread_blocked, id=1440, stack(0x000000002a8b0000,0x000000002a9b0000)]
  0x000000001f838000 JavaThread "Execution worker for ':' Thread 2" [_thread_blocked, id=18772, stack(0x000000002a7b0000,0x000000002a8b0000)]
  0x000000001f82f000 JavaThread "Execution worker for ':'" [_thread_blocked, id=18424, stack(0x000000002a6b0000,0x000000002a7b0000)]
  0x000000001f835000 JavaThread "Cache worker for file content cache (F:\1.react_native_workspace\6.shop_system\devel\app\shopping_app\android\.gradle\6.0.1\fileContent)" [_thread_blocked, id=11268, stack(0x0000000029ad0000,0x0000000029bd0000)]
  0x000000001f82d800 JavaThread "Cache worker for file content cache (C:\Users\admin\.gradle\caches\6.0.1\fileContent)" [_thread_blocked, id=14380, stack(0x00000000299d0000,0x0000000029ad0000)]
  0x000000001f82e800 JavaThread "Memory manager" [_thread_blocked, id=13576, stack(0x00000000283c0000,0x00000000284c0000)]
  0x000000001f834800 JavaThread "Cache worker for Build Output Cleanup Cache (F:\1.react_native_workspace\6.shop_system\devel\app\shopping_app\android\.gradle\buildOutputCleanup)" [_thread_blocked, id=16376, stack(0x0000000026070000,0x0000000026170000)]
  0x000000001f830800 JavaThread "pool-1-thread-1" [_thread_blocked, id=16380, stack(0x0000000025b70000,0x0000000025c70000)]
  0x000000001f833800 JavaThread "Build operations Thread 12" [_thread_blocked, id=16672, stack(0x0000000025670000,0x0000000025770000)]
  0x000000001f832000 JavaThread "Build operations Thread 11" [_thread_blocked, id=9344, stack(0x0000000025570000,0x0000000025670000)]
  0x000000001f82d000 JavaThread "Build operations Thread 10" [_thread_blocked, id=16820, stack(0x0000000025470000,0x0000000025570000)]
  0x000000001f830000 JavaThread "Build operations Thread 9" [_thread_blocked, id=17320, stack(0x0000000025370000,0x0000000025470000)]
  0x000000001f831800 JavaThread "Build operations Thread 8" [_thread_blocked, id=2824, stack(0x0000000025270000,0x0000000025370000)]
  0x000000001f833000 JavaThread "Build operations Thread 7" [_thread_blocked, id=288, stack(0x0000000025170000,0x0000000025270000)]
  0x000000001f829000 JavaThread "Build operations Thread 6" [_thread_blocked, id=15616, stack(0x0000000025070000,0x0000000025170000)]
  0x000000001f82a800 JavaThread "Build operations Thread 5" [_thread_blocked, id=12016, stack(0x0000000024f70000,0x0000000025070000)]
  0x000000001f829800 JavaThread "Build operations Thread 4" [_thread_blocked, id=7812, stack(0x0000000024e70000,0x0000000024f70000)]
  0x000000001f82c000 JavaThread "Build operations Thread 3" [_thread_blocked, id=12316, stack(0x0000000024d70000,0x0000000024e70000)]
  0x000000001f82b000 JavaThread "Build operations Thread 2" [_thread_blocked, id=9068, stack(0x0000000023c60000,0x0000000023d60000)]
  0x000000001d32f800 JavaThread "Build operations" [_thread_blocked, id=3840, stack(0x0000000023b60000,0x0000000023c60000)]
  0x000000001d32e800 JavaThread "Cache worker for execution history cache (C:\Users\admin\.gradle\caches\6.0.1\executionHistory)" [_thread_blocked, id=13396, stack(0x0000000023860000,0x0000000023960000)]
  0x000000001d32e000 JavaThread "Cache worker for cache directory md-rule (C:\Users\admin\.gradle\caches\6.0.1\md-rule)" [_thread_blocked, id=20272, stack(0x0000000023760000,0x0000000023860000)]
  0x000000001d333000 JavaThread "Cache worker for cache directory md-supplier (C:\Users\admin\.gradle\caches\6.0.1\md-supplier)" [_thread_blocked, id=12244, stack(0x0000000020840000,0x0000000020940000)]
  0x000000001d332800 JavaThread "Cache worker for file hash cache (F:\1.react_native_workspace\6.shop_system\devel\app\shopping_app\android\.gradle\6.0.1\fileHashes)" [_thread_blocked, id=12424, stack(0x00000000219b0000,0x0000000021ab0000)]
  0x000000001d331000 JavaThread "Cache worker for journal cache (C:\Users\admin\.gradle\caches\journal-1)" [_thread_blocked, id=20324, stack(0x000000001f370000,0x000000001f470000)]
  0x000000001d334000 JavaThread "File lock request listener" [_thread_in_native, id=19896, stack(0x000000001f270000,0x000000001f370000)]
  0x000000001d330000 JavaThread "Cache worker for file hash cache (C:\Users\admin\.gradle\caches\6.0.1\fileHashes)" [_thread_blocked, id=20136, stack(0x000000001f170000,0x000000001f270000)]
  0x000000001d20f800 JavaThread "Thread-9" [_thread_blocked, id=17092, stack(0x000000001f070000,0x000000001f170000)]
  0x000000001d20e800 JavaThread "Stdin handler" [_thread_blocked, id=18060, stack(0x000000001ef70000,0x000000001f070000)]
  0x000000001d207800 JavaThread "Asynchronous log dispatcher for DefaultDaemonConnection: socket connection from /127.0.0.1:51976 to /127.0.0.1:51977" [_thread_blocked, id=4932, stack(0x000000001ee70000,0x000000001ef70000)]
  0x000000001d1ea000 JavaThread "Daemon worker" [_thread_blocked, id=19572, stack(0x000000001eb70000,0x000000001ec70000)]
  0x000000001d1e7800 JavaThread "Cancel handler" [_thread_blocked, id=18992, stack(0x000000001e970000,0x000000001ea70000)]
  0x000000001d1e5800 JavaThread "Handler for socket connection from /127.0.0.1:51976 to /127.0.0.1:51977" [_thread_in_native, id=9512, stack(0x000000001e870000,0x000000001e970000)]
  0x000000001d1e5000 JavaThread "Daemon" [_thread_blocked, id=19860, stack(0x000000001e770000,0x000000001e870000)]
  0x000000001d1c8000 JavaThread "Daemon periodic checks" [_thread_blocked, id=15288, stack(0x000000001e670000,0x000000001e770000)]
  0x000000001d173000 JavaThread "Incoming local TCP Connector on port 51976" [_thread_in_native, id=10444, stack(0x000000001e430000,0x000000001e530000)]
  0x000000001d0ad800 JavaThread "Daemon health stats" [_thread_blocked, id=17876, stack(0x000000001ddf0000,0x000000001def0000)]
  0x0000000019aa2800 JavaThread "Service Thread" daemon [_thread_blocked, id=19600, stack(0x000000001b450000,0x000000001b550000)]
  0x0000000019a1c800 JavaThread "C1 CompilerThread3" daemon [_thread_blocked, id=5176, stack(0x000000001b350000,0x000000001b450000)]
=>0x0000000019a1b800 JavaThread "C2 CompilerThread2" daemon [_thread_in_native, id=16396, stack(0x000000001b250000,0x000000001b350000)]
  0x0000000019a15800 JavaThread "C2 CompilerThread1" daemon [_thread_blocked, id=19032, stack(0x000000001b150000,0x000000001b250000)]
  0x0000000019a0e800 JavaThread "C2 CompilerThread0" daemon [_thread_blocked, id=10356, stack(0x000000001b050000,0x000000001b150000)]
  0x0000000019a0a800 JavaThread "Attach Listener" daemon [_thread_blocked, id=11516, stack(0x000000001af50000,0x000000001b050000)]
  0x000000001832e000 JavaThread "Signal Dispatcher" daemon [_thread_blocked, id=1000, stack(0x000000001ae50000,0x000000001af50000)]
  0x0000000018323000 JavaThread "Finalizer" daemon [_thread_blocked, id=13824, stack(0x000000001ac50000,0x000000001ad50000)]
  0x00000000199f3000 JavaThread "Reference Handler" daemon [_thread_blocked, id=19076, stack(0x000000001ab50000,0x000000001ac50000)]
  0x0000000002fb4000 JavaThread "main" [_thread_blocked, id=19392, stack(0x0000000002eb0000,0x0000000002fb0000)]

Other Threads:
  0x00000000199d2800 VMThread [stack: 0x000000001aa50000,0x000000001ab50000] [id=12760]
  0x0000000019a4d000 WatcherThread [stack: 0x000000001b550000,0x000000001b650000] [id=18544]

VM state:not at safepoint (normal execution)

VM Mutex/Monitor currently owned by a thread: None

heap address: 0x0000000080000000, size: 2048 MB, Compressed Oops mode: 32-bit
Narrow klass base: 0x0000000000000000, Narrow klass shift: 3
Compressed class space size: 1073741824 Address: 0x0000000100000000

Heap:
 PSYoungGen      total 396800K, used 232280K [0x00000000d5580000, 0x00000000f6c00000, 0x0000000100000000)
  eden space 322048K, 64% used [0x00000000d5580000,0x00000000e2053b20,0x00000000e9000000)
  from space 74752K, 32% used [0x00000000e9000000,0x00000000ea802770,0x00000000ed900000)
  to   space 72192K, 0% used [0x00000000f2580000,0x00000000f2580000,0x00000000f6c00000)
 ParOldGen       total 265728K, used 145320K [0x0000000080000000, 0x0000000090380000, 0x00000000d5580000)
  object space 265728K, 54% used [0x0000000080000000,0x0000000088dea300,0x0000000090380000)
 Metaspace       used 86212K, capacity 92322K, committed 92416K, reserved 1128448K
  class space    used 11581K, capacity 12990K, committed 13056K, reserved 1048576K

Card table byte_map: [0x0000000012470000,0x0000000012880000] byte_map_base: 0x0000000012070000

Marking Bits: (ParMarkBitMap*) 0x000000005a8bbe30
 Begin Bits: [0x0000000013530000, 0x0000000015530000)
 End Bits:   [0x0000000015530000, 0x0000000017530000)

Polling page: 0x00000000014b0000

CodeCache: size=245760Kb used=56466Kb max_used=58121Kb free=189293Kb
 bounds [0x00000000030b0000, 0x00000000069c0000, 0x00000000120b0000]
 total_blobs=16280 nmethods=15382 adapters=809
 compilation: enabled

Compilation events (10 events):
Event: 64.649 Thread 0x0000000019a1c800 nmethod 19209 0x000000000575d9d0 code [0x000000000575db40, 0x000000000575de30]
Event: 64.655 Thread 0x0000000019a15800 nmethod 19192 0x0000000005431cd0 code [0x0000000005431f40, 0x0000000005432d40]
Event: 64.655 Thread 0x0000000019a15800 19193       4       com.sun.tools.javac.jvm.Code::newLocal (25 bytes)
Event: 64.664 Thread 0x0000000019a15800 nmethod 19193 0x0000000005706b90 code [0x0000000005706e00, 0x0000000005707988]
Event: 64.664 Thread 0x0000000019a15800 19202       4       com.sun.tools.javac.jvm.Gen::binaryQualifier (280 bytes)
Event: 64.669 Thread 0x0000000019a15800 nmethod 19202 0x00000000062f7a10 code [0x00000000062f7c20, 0x00000000062f8450]
Event: 64.669 Thread 0x0000000019a15800 19190       4       com.sun.tools.javac.jvm.Gen::visitExec (86 bytes)
Event: 64.670 Thread 0x0000000019a15800 nmethod 19190 0x0000000005bf64d0 code [0x0000000005bf6640, 0x0000000005bf6808]
Event: 64.670 Thread 0x0000000019a15800 19188       4       com.sun.tools.javac.comp.Flow$AssignAnalyzer::newVar (99 bytes)
Event: 64.680 Thread 0x0000000019a15800 nmethod 19188 0x0000000005ec8090 code [0x0000000005ec8220, 0x0000000005ec8cf8]

GC Heap History (10 events):
Event: 49.864 GC heap before
{Heap before GC invocations=18 (full 3):
 PSYoungGen      total 260096K, used 260080K [0x00000000d5580000, 0x00000000e9880000, 0x0000000100000000)
  eden space 212480K, 100% used [0x00000000d5580000,0x00000000e2500000,0x00000000e2500000)
  from space 47616K, 99% used [0x00000000e5b80000,0x00000000e89fc2d0,0x00000000e8a00000)
  to   space 55808K, 0% used [0x00000000e2500000,0x00000000e2500000,0x00000000e5b80000)
 ParOldGen       total 265728K, used 75931K [0x0000000080000000, 0x0000000090380000, 0x00000000d5580000)
  object space 265728K, 28% used [0x0000000080000000,0x0000000084a26f48,0x0000000090380000)
 Metaspace       used 81799K, capacity 87520K, committed 87680K, reserved 1124352K
  class space    used 11315K, capacity 12635K, committed 12672K, reserved 1048576K
Event: 49.897 GC heap after
Heap after GC invocations=18 (full 3):
 PSYoungGen      total 268288K, used 55776K [0x00000000d5580000, 0x00000000edc00000, 0x0000000100000000)
  eden space 212480K, 0% used [0x00000000d5580000,0x00000000d5580000,0x00000000e2500000)
  from space 55808K, 99% used [0x00000000e2500000,0x00000000e5b783d0,0x00000000e5b80000)
  to   space 67584K, 0% used [0x00000000e9a00000,0x00000000e9a00000,0x00000000edc00000)
 ParOldGen       total 265728K, used 84568K [0x0000000080000000, 0x0000000090380000, 0x00000000d5580000)
  object space 265728K, 31% used [0x0000000080000000,0x0000000085296360,0x0000000090380000)
 Metaspace       used 81799K, capacity 87520K, committed 87680K, reserved 1124352K
  class space    used 11315K, capacity 12635K, committed 12672K, reserved 1048576K
}
Event: 53.040 GC heap before
{Heap before GC invocations=19 (full 3):
 PSYoungGen      total 268288K, used 268256K [0x00000000d5580000, 0x00000000edc00000, 0x0000000100000000)
  eden space 212480K, 100% used [0x00000000d5580000,0x00000000e2500000,0x00000000e2500000)
  from space 55808K, 99% used [0x00000000e2500000,0x00000000e5b783d0,0x00000000e5b80000)
  to   space 67584K, 0% used [0x00000000e9a00000,0x00000000e9a00000,0x00000000edc00000)
 ParOldGen       total 265728K, used 84568K [0x0000000080000000, 0x0000000090380000, 0x00000000d5580000)
  object space 265728K, 31% used [0x0000000080000000,0x0000000085296360,0x0000000090380000)
 Metaspace       used 83678K, capacity 89400K, committed 89600K, reserved 1126400K
  class space    used 11412K, capacity 12747K, committed 12800K, reserved 1048576K
Event: 53.110 GC heap after
Heap after GC invocations=19 (full 3):
 PSYoungGen      total 322560K, used 64966K [0x00000000d5580000, 0x00000000eff00000, 0x0000000100000000)
  eden space 254976K, 0% used [0x00000000d5580000,0x00000000d5580000,0x00000000e4e80000)
  from space 67584K, 96% used [0x00000000e9a00000,0x00000000ed9719f8,0x00000000edc00000)
  to   space 77312K, 0% used [0x00000000e4e80000,0x00000000e4e80000,0x00000000e9a00000)
 ParOldGen       total 265728K, used 95409K [0x0000000080000000, 0x0000000090380000, 0x00000000d5580000)
  object space 265728K, 35% used [0x0000000080000000,0x0000000085d2c420,0x0000000090380000)
 Metaspace       used 83678K, capacity 89400K, committed 89600K, reserved 1126400K
  class space    used 11412K, capacity 12747K, committed 12800K, reserved 1048576K
}
Event: 55.350 GC heap before
{Heap before GC invocations=20 (full 3):
 PSYoungGen      total 322560K, used 319942K [0x00000000d5580000, 0x00000000eff00000, 0x0000000100000000)
  eden space 254976K, 100% used [0x00000000d5580000,0x00000000e4e80000,0x00000000e4e80000)
  from space 67584K, 96% used [0x00000000e9a00000,0x00000000ed9719f8,0x00000000edc00000)
  to   space 77312K, 0% used [0x00000000e4e80000,0x00000000e4e80000,0x00000000e9a00000)
 ParOldGen       total 265728K, used 95409K [0x0000000080000000, 0x0000000090380000, 0x00000000d5580000)
  object space 265728K, 35% used [0x0000000080000000,0x0000000085d2c420,0x0000000090380000)
 Metaspace       used 84934K, capacity 90790K, committed 91008K, reserved 1128448K
  class space    used 11500K, capacity 12870K, committed 12928K, reserved 1048576K
Event: 55.416 GC heap after
Heap after GC invocations=20 (full 3):
 PSYoungGen      total 332288K, used 48409K [0x00000000d5580000, 0x00000000f2880000, 0x0000000100000000)
  eden space 254976K, 0% used [0x00000000d5580000,0x00000000d5580000,0x00000000e4e80000)
  from space 77312K, 62% used [0x00000000e4e80000,0x00000000e7dc64a0,0x00000000e9a00000)
  to   space 79360K, 0% used [0x00000000edb00000,0x00000000edb00000,0x00000000f2880000)
 ParOldGen       total 265728K, used 117968K [0x0000000080000000, 0x0000000090380000, 0x00000000d5580000)
  object space 265728K, 44% used [0x0000000080000000,0x0000000087334020,0x0000000090380000)
 Metaspace       used 84934K, capacity 90790K, committed 91008K, reserved 1128448K
  class space    used 11500K, capacity 12870K, committed 12928K, reserved 1048576K
}
Event: 58.101 GC heap before
{Heap before GC invocations=21 (full 3):
 PSYoungGen      total 332288K, used 303385K [0x00000000d5580000, 0x00000000f2880000, 0x0000000100000000)
  eden space 254976K, 100% used [0x00000000d5580000,0x00000000e4e80000,0x00000000e4e80000)
  from space 77312K, 62% used [0x00000000e4e80000,0x00000000e7dc64a0,0x00000000e9a00000)
  to   space 79360K, 0% used [0x00000000edb00000,0x00000000edb00000,0x00000000f2880000)
 ParOldGen       total 265728K, used 117968K [0x0000000080000000, 0x0000000090380000, 0x00000000d5580000)
  object space 265728K, 44% used [0x0000000080000000,0x0000000087334020,0x0000000090380000)
 Metaspace       used 85365K, capacity 91206K, committed 91520K, reserved 1128448K
  class space    used 11504K, capacity 12874K, committed 12928K, reserved 1048576K
Event: 58.156 GC heap after
Heap after GC invocations=21 (full 3):
 PSYoungGen      total 394752K, used 33582K [0x00000000d5580000, 0x00000000f2200000, 0x0000000100000000)
  eden space 322048K, 0% used [0x00000000d5580000,0x00000000d5580000,0x00000000e9000000)
  from space 72704K, 46% used [0x00000000edb00000,0x00000000efbcb8b8,0x00000000f2200000)
  to   space 74752K, 0% used [0x00000000e9000000,0x00000000e9000000,0x00000000ed900000)
 ParOldGen       total 265728K, used 138264K [0x0000000080000000, 0x0000000090380000, 0x00000000d5580000)
  object space 265728K, 52% used [0x0000000080000000,0x0000000088706288,0x0000000090380000)
 Metaspace       used 85365K, capacity 91206K, committed 91520K, reserved 1128448K
  class space    used 11504K, capacity 12874K, committed 12928K, reserved 1048576K
}
Event: 61.299 GC heap before
{Heap before GC invocations=22 (full 3):
 PSYoungGen      total 394752K, used 355542K [0x00000000d5580000, 0x00000000f2200000, 0x0000000100000000)
  eden space 322048K, 99% used [0x00000000d5580000,0x00000000e8fe9f98,0x00000000e9000000)
  from space 72704K, 46% used [0x00000000edb00000,0x00000000efbcb8b8,0x00000000f2200000)
  to   space 74752K, 0% used [0x00000000e9000000,0x00000000e9000000,0x00000000ed900000)
 ParOldGen       total 265728K, used 138264K [0x0000000080000000, 0x0000000090380000, 0x00000000d5580000)
  object space 265728K, 52% used [0x0000000080000000,0x0000000088706288,0x0000000090380000)
 Metaspace       used 85631K, capacity 91562K, committed 91776K, reserved 1128448K
  class space    used 11512K, capacity 12890K, committed 12928K, reserved 1048576K
Event: 61.328 GC heap after
Heap after GC invocations=22 (full 3):
 PSYoungGen      total 396800K, used 24585K [0x00000000d5580000, 0x00000000f6c00000, 0x0000000100000000)
  eden space 322048K, 0% used [0x00000000d5580000,0x00000000d5580000,0x00000000e9000000)
  from space 74752K, 32% used [0x00000000e9000000,0x00000000ea802770,0x00000000ed900000)
  to   space 72192K, 0% used [0x00000000f2580000,0x00000000f2580000,0x00000000f6c00000)
 ParOldGen       total 265728K, used 145320K [0x0000000080000000, 0x0000000090380000, 0x00000000d5580000)
  object space 265728K, 54% used [0x0000000080000000,0x0000000088dea300,0x0000000090380000)
 Metaspace       used 85631K, capacity 91562K, committed 91776K, reserved 1128448K
  class space    used 11512K, capacity 12890K, committed 12928K, reserved 1048576K
}

Deoptimization events (10 events):
Event: 64.017 Thread 0x000000001f838000 Uncommon trap: reason=class_check action=maybe_recompile pc=0x00000000054a5768 method=com.sun.tools.javac.file.JavacFileManager.listArchive(Lcom/sun/tools/javac/file/JavacFileManager$Archive;Lcom/sun/tools/javac/file/RelativePath$RelativeDirectory;Ljava/u
Event: 64.032 Thread 0x000000001f838000 Uncommon trap: reason=class_check action=maybe_recompile pc=0x00000000054a5a44 method=com.sun.tools.javac.file.JavacFileManager.listContainer(Ljava/io/File;Lcom/sun/tools/javac/file/RelativePath$RelativeDirectory;Ljava/util/Set;ZLcom/sun/tools/javac/util/
Event: 64.032 Thread 0x000000001f838000 Uncommon trap: reason=class_check action=maybe_recompile pc=0x00000000054a5a44 method=com.sun.tools.javac.file.JavacFileManager.listContainer(Ljava/io/File;Lcom/sun/tools/javac/file/RelativePath$RelativeDirectory;Ljava/util/Set;ZLcom/sun/tools/javac/util/
Event: 64.033 Thread 0x000000001f838000 Uncommon trap: reason=class_check action=maybe_recompile pc=0x00000000054a5a44 method=com.sun.tools.javac.file.JavacFileManager.listContainer(Ljava/io/File;Lcom/sun/tools/javac/file/RelativePath$RelativeDirectory;Ljava/util/Set;ZLcom/sun/tools/javac/util/
Event: 64.033 Thread 0x000000001f838000 Uncommon trap: reason=class_check action=maybe_recompile pc=0x00000000054a5a44 method=com.sun.tools.javac.file.JavacFileManager.listContainer(Ljava/io/File;Lcom/sun/tools/javac/file/RelativePath$RelativeDirectory;Ljava/util/Set;ZLcom/sun/tools/javac/util/
Event: 64.282 Thread 0x000000001f838000 Uncommon trap: reason=bimorphic action=maybe_recompile pc=0x0000000005f86568 method=com.sun.tools.javac.comp.Check.checkDeprecated(Lcom/sun/tools/javac/util/JCDiagnostic$DiagnosticPosition;Lcom/sun/tools/javac/code/Symbol;Lcom/sun/tools/javac/code/Symbol;
Event: 64.476 Thread 0x000000001f838000 Uncommon trap: reason=unstable_if action=reinterpret pc=0x0000000005dbb03c method=com.sun.tools.javac.comp.Attr.visitSelect(Lcom/sun/tools/javac/tree/JCTree$JCFieldAccess;)V @ 1028
Event: 64.476 Thread 0x000000001f838000 Uncommon trap: reason=unstable_if action=reinterpret pc=0x0000000005f8561c method=com.sun.tools.javac.comp.Attr.checkIdInternal(Lcom/sun/tools/javac/tree/JCTree;Lcom/sun/tools/javac/code/Type;Lcom/sun/tools/javac/code/Symbol;Lcom/sun/tools/javac/code/Type
Event: 64.485 Thread 0x000000001f838000 Uncommon trap: reason=unstable_if action=reinterpret pc=0x0000000006840850 method=com.sun.tools.javac.jvm.Gen.visitSelect(Lcom/sun/tools/javac/tree/JCTree$JCFieldAccess;)V @ 168
Event: 64.589 Thread 0x000000001f838000 Uncommon trap: reason=unstable_if action=reinterpret pc=0x0000000005208cd0 method=com.sun.tools.javac.comp.MemberEnter.visitVarDef(Lcom/sun/tools/javac/tree/JCTree$JCVariableDecl;)V @ 190

Classes redefined (0 events):
No events

Internal exceptions (10 events):
Event: 63.427 Thread 0x0000000021460000 Exception <a 'sun/nio/fs/WindowsException'> (0x00000000dde0ff00) thrown at [C:\ade\jenkins\workspace\8-2-build-windows-amd64-cygwin\jdk8u241\331\hotspot\src\share\vm\prims\jni.cpp, line 710]
Event: 63.427 Thread 0x0000000021460000 Exception <a 'sun/nio/fs/WindowsException'> (0x00000000dde10c38) thrown at [C:\ade\jenkins\workspace\8-2-build-windows-amd64-cygwin\jdk8u241\331\hotspot\src\share\vm\prims\jni.cpp, line 710]
Event: 63.460 Thread 0x000000002431c000 Exception <a 'sun/nio/fs/WindowsException'> (0x00000000ddebdd00) thrown at [C:\ade\jenkins\workspace\8-2-build-windows-amd64-cygwin\jdk8u241\331\hotspot\src\share\vm\prims\jni.cpp, line 710]
Event: 63.461 Thread 0x000000002431c000 Exception <a 'sun/nio/fs/WindowsException'> (0x00000000ddebe9a0) thrown at [C:\ade\jenkins\workspace\8-2-build-windows-amd64-cygwin\jdk8u241\331\hotspot\src\share\vm\prims\jni.cpp, line 710]
Event: 63.471 Thread 0x0000000021464000 Exception <a 'sun/nio/fs/WindowsException'> (0x00000000ddfa46e8) thrown at [C:\ade\jenkins\workspace\8-2-build-windows-amd64-cygwin\jdk8u241\331\hotspot\src\share\vm\prims\jni.cpp, line 710]
Event: 63.471 Thread 0x0000000021464000 Exception <a 'sun/nio/fs/WindowsException'> (0x00000000ddfa5360) thrown at [C:\ade\jenkins\workspace\8-2-build-windows-amd64-cygwin\jdk8u241\331\hotspot\src\share\vm\prims\jni.cpp, line 710]
Event: 63.502 Thread 0x000000002145e000 Exception <a 'sun/nio/fs/WindowsException'> (0x00000000ddfcbf30) thrown at [C:\ade\jenkins\workspace\8-2-build-windows-amd64-cygwin\jdk8u241\331\hotspot\src\share\vm\prims\jni.cpp, line 710]
Event: 63.502 Thread 0x0000000021464000 Exception <a 'sun/nio/fs/WindowsException'> (0x00000000ddfe8f10) thrown at [C:\ade\jenkins\workspace\8-2-build-windows-amd64-cygwin\jdk8u241\331\hotspot\src\share\vm\prims\jni.cpp, line 710]
Event: 63.503 Thread 0x000000002145e000 Exception <a 'sun/nio/fs/WindowsException'> (0x00000000ddfccba0) thrown at [C:\ade\jenkins\workspace\8-2-build-windows-amd64-cygwin\jdk8u241\331\hotspot\src\share\vm\prims\jni.cpp, line 710]
Event: 63.503 Thread 0x0000000021464000 Exception <a 'sun/nio/fs/WindowsException'> (0x00000000ddfe9b80) thrown at [C:\ade\jenkins\workspace\8-2-build-windows-amd64-cygwin\jdk8u241\331\hotspot\src\share\vm\prims\jni.cpp, line 710]

Events (10 events):
Event: 64.476 Thread 0x000000001f838000 DEOPT UNPACKING pc=0x00000000030f583b sp=0x000000002a8a8ee0 mode 2
Event: 64.476 Thread 0x000000001f838000 Uncommon trap: trap_request=0xffffff65 fr.pc=0x0000000005f8561c
Event: 64.476 Thread 0x000000001f838000 DEOPT PACKING pc=0x0000000005f8561c sp=0x000000002a8a8ca0
Event: 64.476 Thread 0x000000001f838000 DEOPT UNPACKING pc=0x00000000030f583b sp=0x000000002a8a8c78 mode 2
Event: 64.485 Thread 0x000000001f838000 Uncommon trap: trap_request=0xffffff65 fr.pc=0x0000000006840850
Event: 64.485 Thread 0x000000001f838000 DEOPT PACKING pc=0x0000000006840850 sp=0x000000002a8aa080
Event: 64.485 Thread 0x000000001f838000 DEOPT UNPACKING pc=0x00000000030f583b sp=0x000000002a8aa060 mode 2
Event: 64.589 Thread 0x000000001f838000 Uncommon trap: trap_request=0xffffff65 fr.pc=0x0000000005208cd0
Event: 64.589 Thread 0x000000001f838000 DEOPT PACKING pc=0x0000000005208cd0 sp=0x000000002a8a91c0
Event: 64.589 Thread 0x000000001f838000 DEOPT UNPACKING pc=0x00000000030f583b sp=0x000000002a8a91f0 mode 2


Dynamic libraries:
0x00007ff7d6ba0000 - 0x00007ff7d6bd7000 	C:\Program Files\Java\jdk1.8.0_241\bin\java.exe
0x00007ffb98980000 - 0x00007ffb98b70000 	C:\Windows\SYSTEM32\ntdll.dll
0x00007ffb96f90000 - 0x00007ffb97042000 	C:\Windows\System32\KERNEL32.DLL
0x00007ffb96410000 - 0x00007ffb966b3000 	C:\Windows\System32\KERNELBASE.dll
0x00007ffb97340000 - 0x00007ffb973e3000 	C:\Windows\System32\ADVAPI32.dll
0x00007ffb97050000 - 0x00007ffb970ee000 	C:\Windows\System32\msvcrt.dll
0x00007ffb981a0000 - 0x00007ffb98237000 	C:\Windows\System32\sechost.dll
0x00007ffb96aa0000 - 0x00007ffb96bc0000 	C:\Windows\System32\RPCRT4.dll
0x00007ffb96bc0000 - 0x00007ffb96d54000 	C:\Windows\System32\USER32.dll
0x00007ffb96880000 - 0x00007ffb968a1000 	C:\Windows\System32\win32u.dll
0x00007ffb96d70000 - 0x00007ffb96d96000 	C:\Windows\System32\GDI32.dll
0x00007ffb95af0000 - 0x00007ffb95c84000 	C:\Windows\System32\gdi32full.dll
0x00007ffb95a50000 - 0x00007ffb95aee000 	C:\Windows\System32\msvcp_win.dll
0x00007ffb96930000 - 0x00007ffb96a2a000 	C:\Windows\System32\ucrtbase.dll
0x00007ffb8e5d0000 - 0x00007ffb8e855000 	C:\Windows\WinSxS\amd64_microsoft.windows.common-controls_6595b64144ccf1df_6.0.18362.720_none_e6beb5c51314836b\COMCTL32.dll
0x00007ffb984b0000 - 0x00007ffb987e6000 	C:\Windows\System32\combase.dll
0x00007ffb968b0000 - 0x00007ffb96930000 	C:\Windows\System32\bcryptPrimitives.dll
0x00007ffb98170000 - 0x00007ffb9819e000 	C:\Windows\System32\IMM32.DLL
0x000000005a940000 - 0x000000005aa12000 	C:\Program Files\Java\jdk1.8.0_241\jre\bin\msvcr100.dll
0x000000005a090000 - 0x000000005a93c000 	C:\Program Files\Java\jdk1.8.0_241\jre\bin\server\jvm.dll
0x00007ffb96d60000 - 0x00007ffb96d68000 	C:\Windows\System32\PSAPI.DLL
0x00007ffb7a080000 - 0x00007ffb7a089000 	C:\Windows\SYSTEM32\WSOCK32.dll
0x00007ffb93970000 - 0x00007ffb93994000 	C:\Windows\SYSTEM32\WINMM.dll
0x00007ffb90ea0000 - 0x00007ffb90eaa000 	C:\Windows\SYSTEM32\VERSION.dll
0x00007ffb96da0000 - 0x00007ffb96e0f000 	C:\Windows\System32\WS2_32.dll
0x00007ffb93940000 - 0x00007ffb9396d000 	C:\Windows\SYSTEM32\winmmbase.dll
0x00007ffb966c0000 - 0x00007ffb9670a000 	C:\Windows\System32\cfgmgr32.dll
0x00007ffb78ab0000 - 0x00007ffb78abf000 	C:\Program Files\Java\jdk1.8.0_241\jre\bin\verify.dll
0x00007ffb4a440000 - 0x00007ffb4a469000 	C:\Program Files\Java\jdk1.8.0_241\jre\bin\java.dll
0x00007ffb6b100000 - 0x00007ffb6b116000 	C:\Program Files\Java\jdk1.8.0_241\jre\bin\zip.dll
0x00007ffb973f0000 - 0x00007ffb97ad5000 	C:\Windows\System32\SHELL32.dll
0x00007ffb98240000 - 0x00007ffb982e9000 	C:\Windows\System32\shcore.dll
0x00007ffb95c90000 - 0x00007ffb96410000 	C:\Windows\System32\windows.storage.dll
0x00007ffb958e0000 - 0x00007ffb95903000 	C:\Windows\System32\profapi.dll
0x00007ffb95890000 - 0x00007ffb958da000 	C:\Windows\System32\powrprof.dll
0x00007ffb95840000 - 0x00007ffb95850000 	C:\Windows\System32\UMPDC.dll
0x00007ffb970f0000 - 0x00007ffb97142000 	C:\Windows\System32\shlwapi.dll
0x00007ffb95850000 - 0x00007ffb95861000 	C:\Windows\System32\kernel.appcore.dll
0x00007ffb96860000 - 0x00007ffb96877000 	C:\Windows\System32\cryptsp.dll
0x00007ffb6aab0000 - 0x00007ffb6aaca000 	C:\Program Files\Java\jdk1.8.0_241\jre\bin\net.dll
0x00007ffb950b0000 - 0x00007ffb95117000 	C:\Windows\system32\mswsock.dll
0x00007ffb65c20000 - 0x00007ffb65c32000 	C:\Program Files\Java\jdk1.8.0_241\jre\bin\nio.dll
0x00007ffb4a3d0000 - 0x00007ffb4a3f6000 	C:\Users\admin\.gradle\native\30\windows-amd64\native-platform.dll
0x00007ffb758d0000 - 0x00007ffb758dd000 	C:\Program Files\Java\jdk1.8.0_241\jre\bin\management.dll
0x00007ffb94c20000 - 0x00007ffb94c53000 	C:\Windows\system32\rsaenh.dll
0x00007ffb95910000 - 0x00007ffb95936000 	C:\Windows\System32\bcrypt.dll
0x00007ffb95760000 - 0x00007ffb95785000 	C:\Windows\SYSTEM32\USERENV.dll
0x00007ffb95280000 - 0x00007ffb9528c000 	C:\Windows\SYSTEM32\CRYPTBASE.dll
0x00007ffb94dc0000 - 0x00007ffb94dfa000 	C:\Windows\SYSTEM32\IPHLPAPI.DLL
0x00007ffb97330000 - 0x00007ffb97338000 	C:\Windows\System32\NSI.dll
0x00007ffb8be80000 - 0x00007ffb8be96000 	C:\Windows\SYSTEM32\dhcpcsvc6.DLL
0x00007ffb8be60000 - 0x00007ffb8be7c000 	C:\Windows\SYSTEM32\dhcpcsvc.DLL
0x00007ffb94e00000 - 0x00007ffb94eca000 	C:\Windows\SYSTEM32\DNSAPI.dll
0x00007ffb413e0000 - 0x00007ffb41404000 	C:\Program Files\Java\jdk1.8.0_241\jre\bin\sunec.dll
0x00007ffb8acf0000 - 0x00007ffb8acfa000 	C:\Windows\System32\rasadhlp.dll
0x00007ffb8bc80000 - 0x00007ffb8bcf7000 	C:\Windows\System32\fwpuclnt.dll
0x00007ffb82c20000 - 0x00007ffb82c2b000 	C:\Program Files\Java\jdk1.8.0_241\jre\bin\sunmscapi.dll
0x00007ffb96710000 - 0x00007ffb96859000 	C:\Windows\System32\CRYPT32.dll
0x00007ffb95870000 - 0x00007ffb95882000 	C:\Windows\System32\MSASN1.dll
0x00007ffb948a0000 - 0x00007ffb948d1000 	C:\Windows\SYSTEM32\ntmarta.dll
0x00007ffb826e0000 - 0x00007ffb828d4000 	C:\Windows\SYSTEM32\dbghelp.dll

VM Arguments:
jvm_args: -XX:MaxPermSize=512m -XX:+HeapDumpOnOutOfMemoryError -Xmx2048m -Dfile.encoding=UTF-8 -Duser.country=US -Duser.language=en -Duser.variant 
java_command: org.gradle.launcher.daemon.bootstrap.GradleDaemon 6.0.1
java_class_path (initial): C:\Users\admin\.gradle\wrapper\dists\gradle-6.0.1-all\99d3u8wxs16ndehh90lbbir67\gradle-6.0.1\lib\gradle-launcher-6.0.1.jar
Launcher Type: SUN_STANDARD

Environment Variables:
JAVA_HOME=C:\Program Files\Java\jdk1.8.0_241
CLASSPATH=F:\1.react_native_workspace\6.shop_system\devel\app\shopping_app\android\\gradle\wrapper\gradle-wrapper.jar
USERNAME=V_STAR
OS=Windows_NT
PROCESSOR_IDENTIFIER=Intel64 Family 6 Model 158 Stepping 10, GenuineIntel



---------------  S Y S T E M  ---------------

OS: Windows 10.0 , 64 bit Build 18362 (10.0.18362.329)

CPU:total 12 (initial active 12) (6 cores per cpu, 2 threads per core) family 6 model 158 stepping 10, cmov, cx8, fxsr, mmx, sse, sse2, sse3, ssse3, sse4.1, sse4.2, popcnt, avx, avx2, aes, clmul, erms, rtm, 3dnowpref, lzcnt, ht, tsc, tscinvbit, bmi1, bmi2, adx

Memory: 4k page, physical 16707092k(3345820k free), swap 26144276k(7395204k free)

vm_info: Java HotSpot(TM) 64-Bit Server VM (25.241-b07) for windows-amd64 JRE (1.8.0_241-b07), built on Dec 11 2019 10:21:40 by "rejava" with MS VC++ 10.0 (VS2010)

time: Sat Aug 15 06:29:20 2020
timezone: Russia TZ 2 Standard Time
elapsed time: 64 seconds (0d 0h 1m 4s)

